[16-Jun-2021 02:02:48 UTC] PHP Warning:  unlink(): Invalid argument in C:\ms4w\Apache\htdocs\field_work_m\remove_photo.php on line 6
[16-Jun-2021 02:02:48 UTC] PHP Warning:  rmdir(): Invalid argument in C:\ms4w\Apache\htdocs\field_work_m\remove_photo.php on line 23
[16-Jun-2021 02:02:49 UTC] PHP Warning:  unlink(): Invalid argument in C:\ms4w\Apache\htdocs\field_work_m\remove_photo.php on line 6
[16-Jun-2021 02:02:49 UTC] PHP Warning:  rmdir(): Invalid argument in C:\ms4w\Apache\htdocs\field_work_m\remove_photo.php on line 23
[16-Jun-2021 02:02:50 UTC] PHP Warning:  unlink(): Invalid argument in C:\ms4w\Apache\htdocs\field_work_m\remove_photo.php on line 6
[16-Jun-2021 02:02:50 UTC] PHP Warning:  rmdir(): Invalid argument in C:\ms4w\Apache\htdocs\field_work_m\remove_photo.php on line 23
[16-Jun-2021 02:02:51 UTC] PHP Warning:  unlink(): Invalid argument in C:\ms4w\Apache\htdocs\field_work_m\remove_photo.php on line 6
[16-Jun-2021 02:02:51 UTC] PHP Warning:  rmdir(): Invalid argument in C:\ms4w\Apache\htdocs\field_work_m\remove_photo.php on line 23
[16-Jun-2021 02:02:52 UTC] PHP Warning:  unlink(): Invalid argument in C:\ms4w\Apache\htdocs\field_work_m\remove_photo.php on line 6
[16-Jun-2021 02:02:52 UTC] PHP Warning:  rmdir(): Invalid argument in C:\ms4w\Apache\htdocs\field_work_m\remove_photo.php on line 23
[21-Jun-2021 05:25:29 UTC] PHP Warning:  unlink(レストランまたはファーストフード): No such file or directory in C:\ms4w\Apache\htdocs\field_work_m\remove_photo.php on line 6
[21-Jun-2021 05:25:29 UTC] PHP Warning:  rmdir(レストランまたはファーストフード): No such file or directory in C:\ms4w\Apache\htdocs\field_work_m\remove_photo.php on line 23
[21-Jun-2021 05:43:23 UTC] PHP Warning:  unlink(レストランまたはファーストフード): No such file or directory in C:\ms4w\Apache\htdocs\field_work_m\remove_photo.php on line 6
[21-Jun-2021 05:43:23 UTC] PHP Warning:  rmdir(レストランまたはファーストフード): No such file or directory in C:\ms4w\Apache\htdocs\field_work_m\remove_photo.php on line 23
[26-Jun-2021 13:05:25 UTC] PHP Warning:  unlink(site_geophoto): No such file or directory in C:\ms4w\Apache\htdocs\field_work_m\remove_photo.php on line 6
[26-Jun-2021 13:05:25 UTC] PHP Warning:  unlink(site_geophoto): No such file or directory in C:\ms4w\Apache\htdocs\field_work_m\remove_photo.php on line 6
[26-Jun-2021 13:05:25 UTC] PHP Warning:  unlink(site_geophoto): No such file or directory in C:\ms4w\Apache\htdocs\field_work_m\remove_photo.php on line 6
[26-Jun-2021 13:05:25 UTC] PHP Warning:  rmdir(site_geophoto): No such file or directory in C:\ms4w\Apache\htdocs\field_work_m\remove_photo.php on line 23
[26-Jun-2021 13:05:25 UTC] PHP Warning:  rmdir(site_geophoto): No such file or directory in C:\ms4w\Apache\htdocs\field_work_m\remove_photo.php on line 23
[26-Jun-2021 13:05:25 UTC] PHP Warning:  rmdir(site_geophoto): No such file or directory in C:\ms4w\Apache\htdocs\field_work_m\remove_photo.php on line 23
[26-Jun-2021 13:06:17 UTC] PHP Warning:  unlink(): Invalid argument in C:\ms4w\Apache\htdocs\field_work_m\remove_photo.php on line 6
[26-Jun-2021 13:06:17 UTC] PHP Warning:  rmdir(): Invalid argument in C:\ms4w\Apache\htdocs\field_work_m\remove_photo.php on line 23
[26-Jun-2021 13:06:19 UTC] PHP Warning:  unlink(): Invalid argument in C:\ms4w\Apache\htdocs\field_work_m\remove_photo.php on line 6
[26-Jun-2021 13:06:19 UTC] PHP Warning:  rmdir(): Invalid argument in C:\ms4w\Apache\htdocs\field_work_m\remove_photo.php on line 23
[26-Jun-2021 13:06:19 UTC] PHP Warning:  unlink(): Invalid argument in C:\ms4w\Apache\htdocs\field_work_m\remove_photo.php on line 6
[26-Jun-2021 13:06:19 UTC] PHP Warning:  rmdir(): Invalid argument in C:\ms4w\Apache\htdocs\field_work_m\remove_photo.php on line 23
[26-Jun-2021 13:06:27 UTC] PHP Warning:  unlink(): Invalid argument in C:\ms4w\Apache\htdocs\field_work_m\remove_photo.php on line 6
[26-Jun-2021 13:06:27 UTC] PHP Warning:  rmdir(): Invalid argument in C:\ms4w\Apache\htdocs\field_work_m\remove_photo.php on line 23
[26-Jun-2021 13:06:28 UTC] PHP Warning:  unlink(): Invalid argument in C:\ms4w\Apache\htdocs\field_work_m\remove_photo.php on line 6
[26-Jun-2021 13:06:28 UTC] PHP Warning:  rmdir(): Invalid argument in C:\ms4w\Apache\htdocs\field_work_m\remove_photo.php on line 23
[26-Jun-2021 13:06:36 UTC] PHP Warning:  unlink(): Invalid argument in C:\ms4w\Apache\htdocs\field_work_m\remove_photo.php on line 6
[26-Jun-2021 13:06:36 UTC] PHP Warning:  rmdir(): Invalid argument in C:\ms4w\Apache\htdocs\field_work_m\remove_photo.php on line 23
[26-Jun-2021 13:06:38 UTC] PHP Warning:  unlink(): Invalid argument in C:\ms4w\Apache\htdocs\field_work_m\remove_photo.php on line 6
[26-Jun-2021 13:06:38 UTC] PHP Warning:  rmdir(): Invalid argument in C:\ms4w\Apache\htdocs\field_work_m\remove_photo.php on line 23
[26-Jun-2021 13:06:38 UTC] PHP Warning:  unlink(): Invalid argument in C:\ms4w\Apache\htdocs\field_work_m\remove_photo.php on line 6
[26-Jun-2021 13:06:38 UTC] PHP Warning:  rmdir(): Invalid argument in C:\ms4w\Apache\htdocs\field_work_m\remove_photo.php on line 23
[26-Jun-2021 13:06:40 UTC] PHP Warning:  unlink(): Invalid argument in C:\ms4w\Apache\htdocs\field_work_m\remove_photo.php on line 6
[26-Jun-2021 13:06:40 UTC] PHP Warning:  rmdir(): Invalid argument in C:\ms4w\Apache\htdocs\field_work_m\remove_photo.php on line 23
[26-Jun-2021 15:03:39 UTC] PHP Warning:  unlink(): Invalid argument in C:\ms4w\Apache\htdocs\field_work_m\remove_photo.php on line 6
[26-Jun-2021 15:03:39 UTC] PHP Warning:  rmdir(): Invalid argument in C:\ms4w\Apache\htdocs\field_work_m\remove_photo.php on line 23
